<?xml version="1.0" encoding="UTF-8"?>
<testng-results ignored="0" total="1" passed="1" failed="0" skipped="0">
  <reporter-output>
  </reporter-output>
  <suite started-at="2021-12-23T19:24:17 IST" name="Default suite" finished-at="2021-12-23T19:24:49 IST" duration-ms="32037">
    <groups>
    </groups>
    <test started-at="2021-12-23T19:24:17 IST" name="Default test" finished-at="2021-12-23T19:24:49 IST" duration-ms="32037">
      <class name="Pageobjectwithoutannotation.Loginwithoutfindby">
        <test-method signature="login()[pri:0, instance:Pageobjectwithoutannotation.Loginwithoutfindby@169e6180]" started-at="2021-12-23T19:24:17 IST" name="login" finished-at="2021-12-23T19:24:49 IST" duration-ms="31969" status="PASS">
          <reporter-output>
          </reporter-output>
        </test-method> <!-- login -->
      </class> <!-- Pageobjectwithoutannotation.Loginwithoutfindby -->
    </test> <!-- Default test -->
  </suite> <!-- Default suite -->
</testng-results>
